<?xml version="1.0" encoding="UTF-8" ?>
<testsuite tests="7" failures="0" name="com.hxd.test.UserServiceTest" time="0.079" errors="0" skipped="0">
  <properties>
[...]
</properties>
  <testcase classname="com.hxd.test.UserServiceTest" name="testQueryPage" time="0.016"/>
  <testcase classname="com.hxd.test.UserServiceTest" name="testQueryCount" time="0.016"/>
  <testcase classname="com.hxd.test.UserServiceTest" name="testInsertSelective" time="0"/>
  <testcase classname="com.hxd.test.UserServiceTest" name="testDelete" time="0"/>
  <testcase classname="com.hxd.test.UserServiceTest" name="testInsert" time="0.031"/>
  <testcase classname="com.hxd.test.UserServiceTest" name="testSelect" time="0"/>
  <testcase classname="com.hxd.test.UserServiceTest" name="testUpdate" time="0"/>
</testsuite>